It is not LiteSpeed Server. So nothing write on htaccess file. Date is : 2019-12-23  19:12:40.

****************************

It is not LiteSpeed Server. So nothing write on htaccess file. Date is : 2019-12-23  19:13:34.

****************************

Error message created on: 2019-12-23  19:13:34.
You must define correct main path!

****************************

It is not LiteSpeed Server. So nothing write on htaccess file. Date is : 2019-12-23  19:14:14.

****************************

Error message created on: 2019-12-23  19:14:14.
You must put theme zip file in 01-temp-new-version-files directory!

****************************

It is not LiteSpeed Server. So nothing write on htaccess file. Date is : 2019-12-23  19:15:00.

****************************

Error message created on: 2019-12-23  19:15:00.
You must put fusion builder zip file in 01-temp-new-version-files directory!

****************************

It is not LiteSpeed Server. So nothing write on htaccess file. Date is : 2019-12-23  19:15:15.

****************************

Error message created on: 2019-12-23  19:15:15.
You must put fusion core zip file in 01-temp-new-version-files directory!

****************************

It is not LiteSpeed Server. So nothing write on htaccess file. Date is : 2019-12-23  19:15:42.

****************************

It is not LiteSpeed Server. So nothing write on htaccess file. Date is : 2019-12-23  19:17:58.

****************************

It is not LiteSpeed Server. So nothing write on htaccess file. Date is : 2019-12-23  19:18:09.

****************************

